<?xml version="1.0" encoding="UTF-8"?>
<!-- Generated by org.testng.reporters.JUnitReportReporter -->
<testsuite hostname="DESKTOP-TAQS4R5" failures="0" tests="6" name="webElement.textbox.TestScript1" time="0.029" errors="0" timestamp="26 Feb 2024 13:44:40 GMT" skipped="1">
  <testcase classname="webElement.textbox.TestScript1" name="testCase3" time="0.002"/>
  <testcase classname="webElement.textbox.TestScript1" name="testCase2" time="0.020"/>
  <testcase classname="webElement.textbox.TestScript1" name="testCase1" time="0.002"/>
  <testcase classname="webElement.textbox.TestScript1" name="testCase1" time="0.003"/>
  <testcase classname="webElement.textbox.TestScript1" name="testCase1" time="0.002"/>
  <testcase classname="webElement.textbox.TestScript1" name="testCase4">
    <skipped/>
  </testcase> <!-- testCase4 -->
</testsuite> <!-- webElement.textbox.TestScript1 -->
